<?xml version="1.0" encoding="UTF-8"?>
<!-- Generated by org.testng.reporters.JUnitReportReporter -->
<testsuite hostname="DVT-IT-LPT-012" failures="0" tests="3" name="com.OrangeHrm.TestLogin" time="45.089" errors="0" timestamp="2025-01-16T11:36:22 IST" skipped="0">
  <testcase classname="com.OrangeHrm.TestLogin" name="testlogin" time="13.100"/>
  <testcase classname="com.OrangeHrm.TestLogin" name="testlogin" time="18.664"/>
  <testcase classname="com.OrangeHrm.TestLogin" name="testlogin" time="13.325"/>
</testsuite> <!-- com.OrangeHrm.TestLogin -->
